<?xml version="1.0" encoding="UTF-8"?>
<testng-results ignored="0" total="2" passed="2" failed="0" skipped="0">
  <reporter-output>
  </reporter-output>
  <suite started-at="2021-06-18T17:43:22 IST" name="Suite" finished-at="2021-06-18T17:43:44 IST" duration-ms="22504">
    <groups>
    </groups>
    <test started-at="2021-06-18T17:43:22 IST" name="ChromeTest" finished-at="2021-06-18T17:43:30 IST" duration-ms="8644">
      <class name="TestClasses.LoginTest">
        <test-method is-config="true" signature="Setup(java.lang.String)[pri:0, instance:TestClasses.LoginTest@58695725]" started-at="2021-06-18T17:43:22 IST" name="Setup" finished-at="2021-06-18T17:43:27 IST" duration-ms="4933" status="PASS">
          <params>
            <param index="0">
              <value>
                <![CDATA[chrome]]>
              </value>
            </param>
          </params>
          <reporter-output>
          </reporter-output>
        </test-method> <!-- Setup -->
        <test-method signature="verifyLogin()[pri:0, instance:TestClasses.LoginTest@58695725]" started-at="2021-06-18T17:43:27 IST" name="verifyLogin" finished-at="2021-06-18T17:43:29 IST" duration-ms="2723" status="PASS">
          <reporter-output>
          </reporter-output>
        </test-method> <!-- verifyLogin -->
        <test-method is-config="true" signature="tearDown()[pri:0, instance:TestClasses.LoginTest@58695725]" started-at="2021-06-18T17:43:29 IST" name="tearDown" finished-at="2021-06-18T17:43:30 IST" duration-ms="704" status="PASS">
          <reporter-output>
          </reporter-output>
        </test-method> <!-- tearDown -->
      </class> <!-- TestClasses.LoginTest -->
    </test> <!-- ChromeTest -->
    <test started-at="2021-06-18T17:43:30 IST" name="FirefoxTest" finished-at="2021-06-18T17:43:44 IST" duration-ms="13579">
      <class name="TestClasses.LoginTest">
        <test-method is-config="true" signature="Setup(java.lang.String)[pri:0, instance:TestClasses.LoginTest@957e06]" started-at="2021-06-18T17:43:30 IST" name="Setup" finished-at="2021-06-18T17:43:38 IST" duration-ms="7134" status="PASS">
          <params>
            <param index="0">
              <value>
                <![CDATA[firefox]]>
              </value>
            </param>
          </params>
          <reporter-output>
          </reporter-output>
        </test-method> <!-- Setup -->
        <test-method signature="verifyLogin()[pri:0, instance:TestClasses.LoginTest@957e06]" started-at="2021-06-18T17:43:38 IST" name="verifyLogin" finished-at="2021-06-18T17:43:43 IST" duration-ms="5337" status="PASS">
          <reporter-output>
          </reporter-output>
        </test-method> <!-- verifyLogin -->
        <test-method is-config="true" signature="tearDown()[pri:0, instance:TestClasses.LoginTest@957e06]" started-at="2021-06-18T17:43:43 IST" name="tearDown" finished-at="2021-06-18T17:43:44 IST" duration-ms="1099" status="PASS">
          <reporter-output>
          </reporter-output>
        </test-method> <!-- tearDown -->
      </class> <!-- TestClasses.LoginTest -->
    </test> <!-- FirefoxTest -->
  </suite> <!-- Suite -->
</testng-results>
